<?xml version="1.0" encoding="UTF-8"?>
<!-- Generated by org.testng.reporters.JUnitReportReporter -->
<testsuite hostname="LAPTOP-H1DEILDI" failures="0" tests="1" name="pages.Addtocart" time="6.811" errors="0" timestamp="2020-12-01T20:01:47 PST" skipped="0">
  <testcase classname="pages.Addtocart" name="verifycart" time="6.811"/>
</testsuite> <!-- pages.Addtocart -->
