<?xml version="1.0" encoding="UTF-8"?>
<!-- Generated by org.testng.reporters.JUnitReportReporter -->
<testsuite hostname="LAPTOP-H1DEILDI" failures="0" tests="1" name="pages.AddtoKart" time="6.011" errors="0" timestamp="2020-12-01T19:31:36 PST" skipped="0">
  <testcase classname="pages.AddtoKart" name="verifycart" time="6.011"/>
</testsuite> <!-- pages.AddtoKart -->
